In file included from /home/sl33n/c2pool/lib/secp256k1/src/secp256k1/src/secp256k1.c:9:
/home/sl33n/c2pool/lib/secp256k1/src/secp256k1/src/secp256k1.c: In function ‘secp256k1_ec_pubkey_parse’:
/home/sl33n/c2pool/lib/secp256k1/src/secp256k1/src/secp256k1.c:22:16: warning: nonnull argument ‘pubkey’ compared to NULL [-Wnonnull-compare]
     if (EXPECT(!(cond), 0)) { \
/home/sl33n/c2pool/lib/secp256k1/src/secp256k1/src/util.h:40:39: note: in definition of macro ‘EXPECT’
 #define EXPECT(x,c) __builtin_expect((x),(c))
                                       ^
/home/sl33n/c2pool/lib/secp256k1/src/secp256k1/src/secp256k1.c:154:5: note: in expansion of macro ‘ARG_CHECK’
     ARG_CHECK(pubkey != NULL);
     ^~~~~~~~~
/home/sl33n/c2pool/lib/secp256k1/src/secp256k1/src/secp256k1.c:22:16: warning: nonnull argument ‘input’ compared to NULL [-Wnonnull-compare]
     if (EXPECT(!(cond), 0)) { \
/home/sl33n/c2pool/lib/secp256k1/src/secp256k1/src/util.h:40:39: note: in definition of macro ‘EXPECT’
 #define EXPECT(x,c) __builtin_expect((x),(c))
                                       ^
/home/sl33n/c2pool/lib/secp256k1/src/secp256k1/src/secp256k1.c:156:5: note: in expansion of macro ‘ARG_CHECK’
     ARG_CHECK(input != NULL);
     ^~~~~~~~~
/home/sl33n/c2pool/lib/secp256k1/src/secp256k1/src/secp256k1.c: In function ‘secp256k1_ec_pubkey_serialize’:
/home/sl33n/c2pool/lib/secp256k1/src/secp256k1/src/secp256k1.c:22:16: warning: nonnull argument ‘output’ compared to NULL [-Wnonnull-compare]
     if (EXPECT(!(cond), 0)) { \
/home/sl33n/c2pool/lib/secp256k1/src/secp256k1/src/util.h:40:39: note: in definition of macro ‘EXPECT’
 #define EXPECT(x,c) __builtin_expect((x),(c))
                                       ^
/home/sl33n/c2pool/lib/secp256k1/src/secp256k1/src/secp256k1.c:175:5: note: in expansion of macro ‘ARG_CHECK’
     ARG_CHECK(output != NULL);
     ^~~~~~~~~
/home/sl33n/c2pool/lib/secp256k1/src/secp256k1/src/secp256k1.c:22:16: warning: nonnull argument ‘outputlen’ compared to NULL [-Wnonnull-compare]
     if (EXPECT(!(cond), 0)) { \
/home/sl33n/c2pool/lib/secp256k1/src/secp256k1/src/util.h:40:39: note: in definition of macro ‘EXPECT’
 #define EXPECT(x,c) __builtin_expect((x),(c))
                                       ^
/home/sl33n/c2pool/lib/secp256k1/src/secp256k1/src/secp256k1.c:171:5: note: in expansion of macro ‘ARG_CHECK’
     ARG_CHECK(outputlen != NULL);
     ^~~~~~~~~
/home/sl33n/c2pool/lib/secp256k1/src/secp256k1/src/secp256k1.c:22:16: warning: nonnull argument ‘pubkey’ compared to NULL [-Wnonnull-compare]
     if (EXPECT(!(cond), 0)) { \
/home/sl33n/c2pool/lib/secp256k1/src/secp256k1/src/util.h:40:39: note: in definition of macro ‘EXPECT’
 #define EXPECT(x,c) __builtin_expect((x),(c))
                                       ^
/home/sl33n/c2pool/lib/secp256k1/src/secp256k1/src/secp256k1.c:177:5: note: in expansion of macro ‘ARG_CHECK’
     ARG_CHECK(pubkey != NULL);
     ^~~~~~~~~
/home/sl33n/c2pool/lib/secp256k1/src/secp256k1/src/secp256k1.c: In function ‘secp256k1_ecdsa_signature_parse_der’:
/home/sl33n/c2pool/lib/secp256k1/src/secp256k1/src/secp256k1.c:22:16: warning: nonnull argument ‘sig’ compared to NULL [-Wnonnull-compare]
     if (EXPECT(!(cond), 0)) { \
/home/sl33n/c2pool/lib/secp256k1/src/secp256k1/src/util.h:40:39: note: in definition of macro ‘EXPECT’
 #define EXPECT(x,c) __builtin_expect((x),(c))
                                       ^
/home/sl33n/c2pool/lib/secp256k1/src/secp256k1/src/secp256k1.c:216:5: note: in expansion of macro ‘ARG_CHECK’
     ARG_CHECK(sig != NULL);
     ^~~~~~~~~
/home/sl33n/c2pool/lib/secp256k1/src/secp256k1/src/secp256k1.c:22:16: warning: nonnull argument ‘input’ compared to NULL [-Wnonnull-compare]
     if (EXPECT(!(cond), 0)) { \
/home/sl33n/c2pool/lib/secp256k1/src/secp256k1/src/util.h:40:39: note: in definition of macro ‘EXPECT’
 #define EXPECT(x,c) __builtin_expect((x),(c))
                                       ^
/home/sl33n/c2pool/lib/secp256k1/src/secp256k1/src/secp256k1.c:217:5: note: in expansion of macro ‘ARG_CHECK’
     ARG_CHECK(input != NULL);
     ^~~~~~~~~
/home/sl33n/c2pool/lib/secp256k1/src/secp256k1/src/secp256k1.c: In function ‘secp256k1_ecdsa_signature_parse_compact’:
/home/sl33n/c2pool/lib/secp256k1/src/secp256k1/src/secp256k1.c:22:16: warning: nonnull argument ‘sig’ compared to NULL [-Wnonnull-compare]
     if (EXPECT(!(cond), 0)) { \
/home/sl33n/c2pool/lib/secp256k1/src/secp256k1/src/util.h:40:39: note: in definition of macro ‘EXPECT’
 #define EXPECT(x,c) __builtin_expect((x),(c))
                                       ^
/home/sl33n/c2pool/lib/secp256k1/src/secp256k1/src/secp256k1.c:234:5: note: in expansion of macro ‘ARG_CHECK’
     ARG_CHECK(sig != NULL);
     ^~~~~~~~~
/home/sl33n/c2pool/lib/secp256k1/src/secp256k1/src/secp256k1.c:22:16: warning: nonnull argument ‘input64’ compared to NULL [-Wnonnull-compare]
     if (EXPECT(!(cond), 0)) { \
/home/sl33n/c2pool/lib/secp256k1/src/secp256k1/src/util.h:40:39: note: in definition of macro ‘EXPECT’
 #define EXPECT(x,c) __builtin_expect((x),(c))
                                       ^
/home/sl33n/c2pool/lib/secp256k1/src/secp256k1/src/secp256k1.c:235:5: note: in expansion of macro ‘ARG_CHECK’
     ARG_CHECK(input64 != NULL);
     ^~~~~~~~~
/home/sl33n/c2pool/lib/secp256k1/src/secp256k1/src/secp256k1.c: In function ‘secp256k1_ecdsa_signature_serialize_der’:
/home/sl33n/c2pool/lib/secp256k1/src/secp256k1/src/secp256k1.c:22:16: warning: nonnull argument ‘output’ compared to NULL [-Wnonnull-compare]
     if (EXPECT(!(cond), 0)) { \
/home/sl33n/c2pool/lib/secp256k1/src/secp256k1/src/util.h:40:39: note: in definition of macro ‘EXPECT’
 #define EXPECT(x,c) __builtin_expect((x),(c))
                                       ^
/home/sl33n/c2pool/lib/secp256k1/src/secp256k1/src/secp256k1.c:253:5: note: in expansion of macro ‘ARG_CHECK’
     ARG_CHECK(output != NULL);
     ^~~~~~~~~
/home/sl33n/c2pool/lib/secp256k1/src/secp256k1/src/secp256k1.c:22:16: warning: nonnull argument ‘outputlen’ compared to NULL [-Wnonnull-compare]
     if (EXPECT(!(cond), 0)) { \
/home/sl33n/c2pool/lib/secp256k1/src/secp256k1/src/util.h:40:39: note: in definition of macro ‘EXPECT’
 #define EXPECT(x,c) __builtin_expect((x),(c))
                                       ^
/home/sl33n/c2pool/lib/secp256k1/src/secp256k1/src/secp256k1.c:254:5: note: in expansion of macro ‘ARG_CHECK’
     ARG_CHECK(outputlen != NULL);
     ^~~~~~~~~
/home/sl33n/c2pool/lib/secp256k1/src/secp256k1/src/secp256k1.c:22:16: warning: nonnull argument ‘sig’ compared to NULL [-Wnonnull-compare]
     if (EXPECT(!(cond), 0)) { \
/home/sl33n/c2pool/lib/secp256k1/src/secp256k1/src/util.h:40:39: note: in definition of macro ‘EXPECT’
 #define EXPECT(x,c) __builtin_expect((x),(c))
                                       ^
/home/sl33n/c2pool/lib/secp256k1/src/secp256k1/src/secp256k1.c:255:5: note: in expansion of macro ‘ARG_CHECK’
     ARG_CHECK(sig != NULL);
     ^~~~~~~~~
/home/sl33n/c2pool/lib/secp256k1/src/secp256k1/src/secp256k1.c: In function ‘secp256k1_ecdsa_signature_serialize_compact’:
/home/sl33n/c2pool/lib/secp256k1/src/secp256k1/src/secp256k1.c:22:16: warning: nonnull argument ‘output64’ compared to NULL [-Wnonnull-compare]
     if (EXPECT(!(cond), 0)) { \
/home/sl33n/c2pool/lib/secp256k1/src/secp256k1/src/util.h:40:39: note: in definition of macro ‘EXPECT’
 #define EXPECT(x,c) __builtin_expect((x),(c))
                                       ^
/home/sl33n/c2pool/lib/secp256k1/src/secp256k1/src/secp256k1.c:265:5: note: in expansion of macro ‘ARG_CHECK’
     ARG_CHECK(output64 != NULL);
     ^~~~~~~~~
/home/sl33n/c2pool/lib/secp256k1/src/secp256k1/src/secp256k1.c:22:16: warning: nonnull argument ‘sig’ compared to NULL [-Wnonnull-compare]
     if (EXPECT(!(cond), 0)) { \
/home/sl33n/c2pool/lib/secp256k1/src/secp256k1/src/util.h:40:39: note: in definition of macro ‘EXPECT’
 #define EXPECT(x,c) __builtin_expect((x),(c))
                                       ^
/home/sl33n/c2pool/lib/secp256k1/src/secp256k1/src/secp256k1.c:266:5: note: in expansion of macro ‘ARG_CHECK’
     ARG_CHECK(sig != NULL);
     ^~~~~~~~~
/home/sl33n/c2pool/lib/secp256k1/src/secp256k1/src/secp256k1.c: In function ‘secp256k1_ecdsa_signature_normalize’:
/home/sl33n/c2pool/lib/secp256k1/src/secp256k1/src/secp256k1.c:22:16: warning: nonnull argument ‘sigin’ compared to NULL [-Wnonnull-compare]
     if (EXPECT(!(cond), 0)) { \
/home/sl33n/c2pool/lib/secp256k1/src/secp256k1/src/util.h:40:39: note: in definition of macro ‘EXPECT’
 #define EXPECT(x,c) __builtin_expect((x),(c))
                                       ^
/home/sl33n/c2pool/lib/secp256k1/src/secp256k1/src/secp256k1.c:279:5: note: in expansion of macro ‘ARG_CHECK’
     ARG_CHECK(sigin != NULL);
     ^~~~~~~~~
/home/sl33n/c2pool/lib/secp256k1/src/secp256k1/src/secp256k1.c: In function ‘secp256k1_ecdsa_verify’:
/home/sl33n/c2pool/lib/secp256k1/src/secp256k1/src/secp256k1.c:22:16: warning: nonnull argument ‘sig’ compared to NULL [-Wnonnull-compare]
     if (EXPECT(!(cond), 0)) { \
/home/sl33n/c2pool/lib/secp256k1/src/secp256k1/src/util.h:40:39: note: in definition of macro ‘EXPECT’
 #define EXPECT(x,c) __builtin_expect((x),(c))
                                       ^
/home/sl33n/c2pool/lib/secp256k1/src/secp256k1/src/secp256k1.c:300:5: note: in expansion of macro ‘ARG_CHECK’
     ARG_CHECK(sig != NULL);
     ^~~~~~~~~
/home/sl33n/c2pool/lib/secp256k1/src/secp256k1/src/secp256k1.c:22:16: warning: nonnull argument ‘msg32’ compared to NULL [-Wnonnull-compare]
     if (EXPECT(!(cond), 0)) { \
/home/sl33n/c2pool/lib/secp256k1/src/secp256k1/src/util.h:40:39: note: in definition of macro ‘EXPECT’
 #define EXPECT(x,c) __builtin_expect((x),(c))
                                       ^
/home/sl33n/c2pool/lib/secp256k1/src/secp256k1/src/secp256k1.c:299:5: note: in expansion of macro ‘ARG_CHECK’
     ARG_CHECK(msg32 != NULL);
     ^~~~~~~~~
/home/sl33n/c2pool/lib/secp256k1/src/secp256k1/src/secp256k1.c:22:16: warning: nonnull argument ‘pubkey’ compared to NULL [-Wnonnull-compare]
     if (EXPECT(!(cond), 0)) { \
/home/sl33n/c2pool/lib/secp256k1/src/secp256k1/src/util.h:40:39: note: in definition of macro ‘EXPECT’
 #define EXPECT(x,c) __builtin_expect((x),(c))
                                       ^
/home/sl33n/c2pool/lib/secp256k1/src/secp256k1/src/secp256k1.c:301:5: note: in expansion of macro ‘ARG_CHECK’
     ARG_CHECK(pubkey != NULL);
     ^~~~~~~~~
/home/sl33n/c2pool/lib/secp256k1/src/secp256k1/src/secp256k1.c: In function ‘secp256k1_ecdsa_sign’:
/home/sl33n/c2pool/lib/secp256k1/src/secp256k1/src/secp256k1.c:22:16: warning: nonnull argument ‘signature’ compared to NULL [-Wnonnull-compare]
     if (EXPECT(!(cond), 0)) { \
/home/sl33n/c2pool/lib/secp256k1/src/secp256k1/src/util.h:40:39: note: in definition of macro ‘EXPECT’
 #define EXPECT(x,c) __builtin_expect((x),(c))
                                       ^
/home/sl33n/c2pool/lib/secp256k1/src/secp256k1/src/secp256k1.c:353:5: note: in expansion of macro ‘ARG_CHECK’
     ARG_CHECK(signature != NULL);
     ^~~~~~~~~
/home/sl33n/c2pool/lib/secp256k1/src/secp256k1/src/secp256k1.c:22:16: warning: nonnull argument ‘msg32’ compared to NULL [-Wnonnull-compare]
     if (EXPECT(!(cond), 0)) { \
/home/sl33n/c2pool/lib/secp256k1/src/secp256k1/src/util.h:40:39: note: in definition of macro ‘EXPECT’
 #define EXPECT(x,c) __builtin_expect((x),(c))
                                       ^
/home/sl33n/c2pool/lib/secp256k1/src/secp256k1/src/secp256k1.c:352:5: note: in expansion of macro ‘ARG_CHECK’
     ARG_CHECK(msg32 != NULL);
     ^~~~~~~~~
/home/sl33n/c2pool/lib/secp256k1/src/secp256k1/src/secp256k1.c:22:16: warning: nonnull argument ‘seckey’ compared to NULL [-Wnonnull-compare]
     if (EXPECT(!(cond), 0)) { \
/home/sl33n/c2pool/lib/secp256k1/src/secp256k1/src/util.h:40:39: note: in definition of macro ‘EXPECT’
 #define EXPECT(x,c) __builtin_expect((x),(c))
                                       ^
/home/sl33n/c2pool/lib/secp256k1/src/secp256k1/src/secp256k1.c:354:5: note: in expansion of macro ‘ARG_CHECK’
     ARG_CHECK(seckey != NULL);
     ^~~~~~~~~
/home/sl33n/c2pool/lib/secp256k1/src/secp256k1/src/secp256k1.c: In function ‘secp256k1_ec_seckey_verify’:
/home/sl33n/c2pool/lib/secp256k1/src/secp256k1/src/secp256k1.c:22:16: warning: nonnull argument ‘seckey’ compared to NULL [-Wnonnull-compare]
     if (EXPECT(!(cond), 0)) { \
/home/sl33n/c2pool/lib/secp256k1/src/secp256k1/src/util.h:40:39: note: in definition of macro ‘EXPECT’
 #define EXPECT(x,c) __builtin_expect((x),(c))
                                       ^
/home/sl33n/c2pool/lib/secp256k1/src/secp256k1/src/secp256k1.c:396:5: note: in expansion of macro ‘ARG_CHECK’
     ARG_CHECK(seckey != NULL);
     ^~~~~~~~~
/home/sl33n/c2pool/lib/secp256k1/src/secp256k1/src/secp256k1.c: In function ‘secp256k1_ec_pubkey_create’:
/home/sl33n/c2pool/lib/secp256k1/src/secp256k1/src/secp256k1.c:22:16: warning: nonnull argument ‘pubkey’ compared to NULL [-Wnonnull-compare]
     if (EXPECT(!(cond), 0)) { \
/home/sl33n/c2pool/lib/secp256k1/src/secp256k1/src/util.h:40:39: note: in definition of macro ‘EXPECT’
 #define EXPECT(x,c) __builtin_expect((x),(c))
                                       ^
/home/sl33n/c2pool/lib/secp256k1/src/secp256k1/src/secp256k1.c:411:5: note: in expansion of macro ‘ARG_CHECK’
     ARG_CHECK(pubkey != NULL);
     ^~~~~~~~~
/home/sl33n/c2pool/lib/secp256k1/src/secp256k1/src/secp256k1.c:22:16: warning: nonnull argument ‘seckey’ compared to NULL [-Wnonnull-compare]
     if (EXPECT(!(cond), 0)) { \
/home/sl33n/c2pool/lib/secp256k1/src/secp256k1/src/util.h:40:39: note: in definition of macro ‘EXPECT’
 #define EXPECT(x,c) __builtin_expect((x),(c))
                                       ^
/home/sl33n/c2pool/lib/secp256k1/src/secp256k1/src/secp256k1.c:414:5: note: in expansion of macro ‘ARG_CHECK’
     ARG_CHECK(seckey != NULL);
     ^~~~~~~~~
/home/sl33n/c2pool/lib/secp256k1/src/secp256k1/src/secp256k1.c: In function ‘secp256k1_ec_privkey_tweak_add’:
/home/sl33n/c2pool/lib/secp256k1/src/secp256k1/src/secp256k1.c:22:16: warning: nonnull argument ‘seckey’ compared to NULL [-Wnonnull-compare]
     if (EXPECT(!(cond), 0)) { \
/home/sl33n/c2pool/lib/secp256k1/src/secp256k1/src/util.h:40:39: note: in definition of macro ‘EXPECT’
 #define EXPECT(x,c) __builtin_expect((x),(c))
                                       ^
/home/sl33n/c2pool/lib/secp256k1/src/secp256k1/src/secp256k1.c:433:5: note: in expansion of macro ‘ARG_CHECK’
     ARG_CHECK(seckey != NULL);
     ^~~~~~~~~
/home/sl33n/c2pool/lib/secp256k1/src/secp256k1/src/secp256k1.c:22:16: warning: nonnull argument ‘tweak’ compared to NULL [-Wnonnull-compare]
     if (EXPECT(!(cond), 0)) { \
/home/sl33n/c2pool/lib/secp256k1/src/secp256k1/src/util.h:40:39: note: in definition of macro ‘EXPECT’
 #define EXPECT(x,c) __builtin_expect((x),(c))
                                       ^
/home/sl33n/c2pool/lib/secp256k1/src/secp256k1/src/secp256k1.c:434:5: note: in expansion of macro ‘ARG_CHECK’
     ARG_CHECK(tweak != NULL);
     ^~~~~~~~~
/home/sl33n/c2pool/lib/secp256k1/src/secp256k1/src/secp256k1.c: In function ‘secp256k1_ec_pubkey_tweak_add’:
/home/sl33n/c2pool/lib/secp256k1/src/secp256k1/src/secp256k1.c:22:16: warning: nonnull argument ‘pubkey’ compared to NULL [-Wnonnull-compare]
     if (EXPECT(!(cond), 0)) { \
/home/sl33n/c2pool/lib/secp256k1/src/secp256k1/src/util.h:40:39: note: in definition of macro ‘EXPECT’
 #define EXPECT(x,c) __builtin_expect((x),(c))
                                       ^
/home/sl33n/c2pool/lib/secp256k1/src/secp256k1/src/secp256k1.c:457:5: note: in expansion of macro ‘ARG_CHECK’
     ARG_CHECK(pubkey != NULL);
     ^~~~~~~~~
/home/sl33n/c2pool/lib/secp256k1/src/secp256k1/src/secp256k1.c:22:16: warning: nonnull argument ‘tweak’ compared to NULL [-Wnonnull-compare]
     if (EXPECT(!(cond), 0)) { \
/home/sl33n/c2pool/lib/secp256k1/src/secp256k1/src/util.h:40:39: note: in definition of macro ‘EXPECT’
 #define EXPECT(x,c) __builtin_expect((x),(c))
                                       ^
/home/sl33n/c2pool/lib/secp256k1/src/secp256k1/src/secp256k1.c:458:5: note: in expansion of macro ‘ARG_CHECK’
     ARG_CHECK(tweak != NULL);
     ^~~~~~~~~
/home/sl33n/c2pool/lib/secp256k1/src/secp256k1/src/secp256k1.c: In function ‘secp256k1_ec_privkey_tweak_mul’:
/home/sl33n/c2pool/lib/secp256k1/src/secp256k1/src/secp256k1.c:22:16: warning: nonnull argument ‘seckey’ compared to NULL [-Wnonnull-compare]
     if (EXPECT(!(cond), 0)) { \
/home/sl33n/c2pool/lib/secp256k1/src/secp256k1/src/util.h:40:39: note: in definition of macro ‘EXPECT’
 #define EXPECT(x,c) __builtin_expect((x),(c))
                                       ^
/home/sl33n/c2pool/lib/secp256k1/src/secp256k1/src/secp256k1.c:480:5: note: in expansion of macro ‘ARG_CHECK’
     ARG_CHECK(seckey != NULL);
     ^~~~~~~~~
/home/sl33n/c2pool/lib/secp256k1/src/secp256k1/src/secp256k1.c:22:16: warning: nonnull argument ‘tweak’ compared to NULL [-Wnonnull-compare]
     if (EXPECT(!(cond), 0)) { \
/home/sl33n/c2pool/lib/secp256k1/src/secp256k1/src/util.h:40:39: note: in definition of macro ‘EXPECT’
 #define EXPECT(x,c) __builtin_expect((x),(c))
                                       ^
/home/sl33n/c2pool/lib/secp256k1/src/secp256k1/src/secp256k1.c:481:5: note: in expansion of macro ‘ARG_CHECK’
     ARG_CHECK(tweak != NULL);
     ^~~~~~~~~
/home/sl33n/c2pool/lib/secp256k1/src/secp256k1/src/secp256k1.c: In function ‘secp256k1_ec_pubkey_tweak_mul’:
/home/sl33n/c2pool/lib/secp256k1/src/secp256k1/src/secp256k1.c:22:16: warning: nonnull argument ‘pubkey’ compared to NULL [-Wnonnull-compare]
     if (EXPECT(!(cond), 0)) { \
/home/sl33n/c2pool/lib/secp256k1/src/secp256k1/src/util.h:40:39: note: in definition of macro ‘EXPECT’
 #define EXPECT(x,c) __builtin_expect((x),(c))
                                       ^
/home/sl33n/c2pool/lib/secp256k1/src/secp256k1/src/secp256k1.c:503:5: note: in expansion of macro ‘ARG_CHECK’
     ARG_CHECK(pubkey != NULL);
     ^~~~~~~~~
/home/sl33n/c2pool/lib/secp256k1/src/secp256k1/src/secp256k1.c:22:16: warning: nonnull argument ‘tweak’ compared to NULL [-Wnonnull-compare]
     if (EXPECT(!(cond), 0)) { \
/home/sl33n/c2pool/lib/secp256k1/src/secp256k1/src/util.h:40:39: note: in definition of macro ‘EXPECT’
 #define EXPECT(x,c) __builtin_expect((x),(c))
                                       ^
/home/sl33n/c2pool/lib/secp256k1/src/secp256k1/src/secp256k1.c:504:5: note: in expansion of macro ‘ARG_CHECK’
     ARG_CHECK(tweak != NULL);
     ^~~~~~~~~
/home/sl33n/c2pool/lib/secp256k1/src/secp256k1/src/secp256k1.c: In function ‘secp256k1_ec_pubkey_combine’:
/home/sl33n/c2pool/lib/secp256k1/src/secp256k1/src/secp256k1.c:22:16: warning: nonnull argument ‘pubnonce’ compared to NULL [-Wnonnull-compare]
     if (EXPECT(!(cond), 0)) { \
/home/sl33n/c2pool/lib/secp256k1/src/secp256k1/src/util.h:40:39: note: in definition of macro ‘EXPECT’
 #define EXPECT(x,c) __builtin_expect((x),(c))
                                       ^
/home/sl33n/c2pool/lib/secp256k1/src/secp256k1/src/secp256k1.c:532:5: note: in expansion of macro ‘ARG_CHECK’
     ARG_CHECK(pubnonce != NULL);
     ^~~~~~~~~
/home/sl33n/c2pool/lib/secp256k1/src/secp256k1/src/secp256k1.c:22:16: warning: nonnull argument ‘pubnonces’ compared to NULL [-Wnonnull-compare]
     if (EXPECT(!(cond), 0)) { \
/home/sl33n/c2pool/lib/secp256k1/src/secp256k1/src/util.h:40:39: note: in definition of macro ‘EXPECT’
 #define EXPECT(x,c) __builtin_expect((x),(c))
                                       ^
/home/sl33n/c2pool/lib/secp256k1/src/secp256k1/src/secp256k1.c:535:5: note: in expansion of macro ‘ARG_CHECK’
     ARG_CHECK(pubnonces != NULL);
     ^~~~~~~~~
/home/sl33n/c2pool/lib/secp256k1/src/secp256k1/src/secp256k1.c: In function ‘secp256k1_ecdh_raw’:
/home/sl33n/c2pool/lib/secp256k1/src/secp256k1/src/secp256k1.c:22:16: warning: nonnull argument ‘result’ compared to NULL [-Wnonnull-compare]
     if (EXPECT(!(cond), 0)) { \
/home/sl33n/c2pool/lib/secp256k1/src/secp256k1/src/util.h:40:39: note: in definition of macro ‘EXPECT’
 #define EXPECT(x,c) __builtin_expect((x),(c))
                                       ^
/home/sl33n/c2pool/lib/secp256k1/src/secp256k1/src/modules/ecdh/main_impl.h:20:5: note: in expansion of macro ‘ARG_CHECK’
     ARG_CHECK(result != NULL);
     ^~~~~~~~~
/home/sl33n/c2pool/lib/secp256k1/src/secp256k1/src/secp256k1.c:22:16: warning: nonnull argument ‘point’ compared to NULL [-Wnonnull-compare]
     if (EXPECT(!(cond), 0)) { \
/home/sl33n/c2pool/lib/secp256k1/src/secp256k1/src/util.h:40:39: note: in definition of macro ‘EXPECT’
 #define EXPECT(x,c) __builtin_expect((x),(c))
                                       ^
/home/sl33n/c2pool/lib/secp256k1/src/secp256k1/src/modules/ecdh/main_impl.h:21:5: note: in expansion of macro ‘ARG_CHECK’
     ARG_CHECK(point != NULL);
     ^~~~~~~~~
/home/sl33n/c2pool/lib/secp256k1/src/secp256k1/src/secp256k1.c:22:16: warning: nonnull argument ‘scalar’ compared to NULL [-Wnonnull-compare]
     if (EXPECT(!(cond), 0)) { \
/home/sl33n/c2pool/lib/secp256k1/src/secp256k1/src/util.h:40:39: note: in definition of macro ‘EXPECT’
 #define EXPECT(x,c) __builtin_expect((x),(c))
                                       ^
/home/sl33n/c2pool/lib/secp256k1/src/secp256k1/src/modules/ecdh/main_impl.h:22:5: note: in expansion of macro ‘ARG_CHECK’
     ARG_CHECK(scalar != NULL);
     ^~~~~~~~~
/home/sl33n/c2pool/lib/secp256k1/src/secp256k1/src/secp256k1.c: In function ‘secp256k1_ecdh’:
/home/sl33n/c2pool/lib/secp256k1/src/secp256k1/src/secp256k1.c:22:16: warning: nonnull argument ‘result’ compared to NULL [-Wnonnull-compare]
     if (EXPECT(!(cond), 0)) { \
/home/sl33n/c2pool/lib/secp256k1/src/secp256k1/src/util.h:40:39: note: in definition of macro ‘EXPECT’
 #define EXPECT(x,c) __builtin_expect((x),(c))
                                       ^
/home/sl33n/c2pool/lib/secp256k1/src/secp256k1/src/modules/ecdh/main_impl.h:49:5: note: in expansion of macro ‘ARG_CHECK’
     ARG_CHECK(result != NULL);
     ^~~~~~~~~
/home/sl33n/c2pool/lib/secp256k1/src/secp256k1/src/secp256k1.c: In function ‘secp256k1_ecdsa_recoverable_signature_parse_compact’:
/home/sl33n/c2pool/lib/secp256k1/src/secp256k1/src/secp256k1.c:22:16: warning: nonnull argument ‘sig’ compared to NULL [-Wnonnull-compare]
     if (EXPECT(!(cond), 0)) { \
/home/sl33n/c2pool/lib/secp256k1/src/secp256k1/src/util.h:40:39: note: in definition of macro ‘EXPECT’
 #define EXPECT(x,c) __builtin_expect((x),(c))
                                       ^
/home/sl33n/c2pool/lib/secp256k1/src/secp256k1/src/modules/recovery/main_impl.h:44:5: note: in expansion of macro ‘ARG_CHECK’
     ARG_CHECK(sig != NULL);
     ^~~~~~~~~
/home/sl33n/c2pool/lib/secp256k1/src/secp256k1/src/secp256k1.c:22:16: warning: nonnull argument ‘input64’ compared to NULL [-Wnonnull-compare]
     if (EXPECT(!(cond), 0)) { \
/home/sl33n/c2pool/lib/secp256k1/src/secp256k1/src/util.h:40:39: note: in definition of macro ‘EXPECT’
 #define EXPECT(x,c) __builtin_expect((x),(c))
                                       ^
/home/sl33n/c2pool/lib/secp256k1/src/secp256k1/src/modules/recovery/main_impl.h:45:5: note: in expansion of macro ‘ARG_CHECK’
     ARG_CHECK(input64 != NULL);
     ^~~~~~~~~
/home/sl33n/c2pool/lib/secp256k1/src/secp256k1/src/secp256k1.c: In function ‘secp256k1_ecdsa_recoverable_signature_serialize_compact’:
/home/sl33n/c2pool/lib/secp256k1/src/secp256k1/src/secp256k1.c:22:16: warning: nonnull argument ‘output64’ compared to NULL [-Wnonnull-compare]
     if (EXPECT(!(cond), 0)) { \
/home/sl33n/c2pool/lib/secp256k1/src/secp256k1/src/util.h:40:39: note: in definition of macro ‘EXPECT’
 #define EXPECT(x,c) __builtin_expect((x),(c))
                                       ^
/home/sl33n/c2pool/lib/secp256k1/src/secp256k1/src/modules/recovery/main_impl.h:64:5: note: in expansion of macro ‘ARG_CHECK’
     ARG_CHECK(output64 != NULL);
     ^~~~~~~~~
/home/sl33n/c2pool/lib/secp256k1/src/secp256k1/src/secp256k1.c:22:16: warning: nonnull argument ‘recid’ compared to NULL [-Wnonnull-compare]
     if (EXPECT(!(cond), 0)) { \
/home/sl33n/c2pool/lib/secp256k1/src/secp256k1/src/util.h:40:39: note: in definition of macro ‘EXPECT’
 #define EXPECT(x,c) __builtin_expect((x),(c))
                                       ^
/home/sl33n/c2pool/lib/secp256k1/src/secp256k1/src/modules/recovery/main_impl.h:66:5: note: in expansion of macro ‘ARG_CHECK’
     ARG_CHECK(recid != NULL);
     ^~~~~~~~~
/home/sl33n/c2pool/lib/secp256k1/src/secp256k1/src/secp256k1.c:22:16: warning: nonnull argument ‘sig’ compared to NULL [-Wnonnull-compare]
     if (EXPECT(!(cond), 0)) { \
/home/sl33n/c2pool/lib/secp256k1/src/secp256k1/src/util.h:40:39: note: in definition of macro ‘EXPECT’
 #define EXPECT(x,c) __builtin_expect((x),(c))
                                       ^
/home/sl33n/c2pool/lib/secp256k1/src/secp256k1/src/modules/recovery/main_impl.h:65:5: note: in expansion of macro ‘ARG_CHECK’
     ARG_CHECK(sig != NULL);
     ^~~~~~~~~
/home/sl33n/c2pool/lib/secp256k1/src/secp256k1/src/secp256k1.c: In function ‘secp256k1_ecdsa_recoverable_signature_convert’:
/home/sl33n/c2pool/lib/secp256k1/src/secp256k1/src/secp256k1.c:22:16: warning: nonnull argument ‘sig’ compared to NULL [-Wnonnull-compare]
     if (EXPECT(!(cond), 0)) { \
/home/sl33n/c2pool/lib/secp256k1/src/secp256k1/src/util.h:40:39: note: in definition of macro ‘EXPECT’
 #define EXPECT(x,c) __builtin_expect((x),(c))
                                       ^
/home/sl33n/c2pool/lib/secp256k1/src/secp256k1/src/modules/recovery/main_impl.h:79:5: note: in expansion of macro ‘ARG_CHECK’
     ARG_CHECK(sig != NULL);
     ^~~~~~~~~
/home/sl33n/c2pool/lib/secp256k1/src/secp256k1/src/secp256k1.c:22:16: warning: nonnull argument ‘sigin’ compared to NULL [-Wnonnull-compare]
     if (EXPECT(!(cond), 0)) { \
/home/sl33n/c2pool/lib/secp256k1/src/secp256k1/src/util.h:40:39: note: in definition of macro ‘EXPECT’
 #define EXPECT(x,c) __builtin_expect((x),(c))
                                       ^
/home/sl33n/c2pool/lib/secp256k1/src/secp256k1/src/modules/recovery/main_impl.h:80:5: note: in expansion of macro ‘ARG_CHECK’
     ARG_CHECK(sigin != NULL);
     ^~~~~~~~~
/home/sl33n/c2pool/lib/secp256k1/src/secp256k1/src/secp256k1.c: In function ‘secp256k1_ecdsa_sign_recoverable’:
/home/sl33n/c2pool/lib/secp256k1/src/secp256k1/src/secp256k1.c:22:16: warning: nonnull argument ‘signature’ compared to NULL [-Wnonnull-compare]
     if (EXPECT(!(cond), 0)) { \
/home/sl33n/c2pool/lib/secp256k1/src/secp256k1/src/util.h:40:39: note: in definition of macro ‘EXPECT’
 #define EXPECT(x,c) __builtin_expect((x),(c))
                                       ^
/home/sl33n/c2pool/lib/secp256k1/src/secp256k1/src/modules/recovery/main_impl.h:132:5: note: in expansion of macro ‘ARG_CHECK’
     ARG_CHECK(signature != NULL);
     ^~~~~~~~~
/home/sl33n/c2pool/lib/secp256k1/src/secp256k1/src/secp256k1.c:22:16: warning: nonnull argument ‘msg32’ compared to NULL [-Wnonnull-compare]
     if (EXPECT(!(cond), 0)) { \
/home/sl33n/c2pool/lib/secp256k1/src/secp256k1/src/util.h:40:39: note: in definition of macro ‘EXPECT’
 #define EXPECT(x,c) __builtin_expect((x),(c))
                                       ^
/home/sl33n/c2pool/lib/secp256k1/src/secp256k1/src/modules/recovery/main_impl.h:131:5: note: in expansion of macro ‘ARG_CHECK’
     ARG_CHECK(msg32 != NULL);
     ^~~~~~~~~
/home/sl33n/c2pool/lib/secp256k1/src/secp256k1/src/secp256k1.c:22:16: warning: nonnull argument ‘seckey’ compared to NULL [-Wnonnull-compare]
     if (EXPECT(!(cond), 0)) { \
/home/sl33n/c2pool/lib/secp256k1/src/secp256k1/src/util.h:40:39: note: in definition of macro ‘EXPECT’
 #define EXPECT(x,c) __builtin_expect((x),(c))
                                       ^
/home/sl33n/c2pool/lib/secp256k1/src/secp256k1/src/modules/recovery/main_impl.h:133:5: note: in expansion of macro ‘ARG_CHECK’
     ARG_CHECK(seckey != NULL);
     ^~~~~~~~~
/home/sl33n/c2pool/lib/secp256k1/src/secp256k1/src/secp256k1.c: In function ‘secp256k1_ecdsa_recover’:
/home/sl33n/c2pool/lib/secp256k1/src/secp256k1/src/secp256k1.c:22:16: warning: nonnull argument ‘pubkey’ compared to NULL [-Wnonnull-compare]
     if (EXPECT(!(cond), 0)) { \
/home/sl33n/c2pool/lib/secp256k1/src/secp256k1/src/util.h:40:39: note: in definition of macro ‘EXPECT’
 #define EXPECT(x,c) __builtin_expect((x),(c))
                                       ^
/home/sl33n/c2pool/lib/secp256k1/src/secp256k1/src/modules/recovery/main_impl.h:179:5: note: in expansion of macro ‘ARG_CHECK’
     ARG_CHECK(pubkey != NULL);
     ^~~~~~~~~
/home/sl33n/c2pool/lib/secp256k1/src/secp256k1/src/secp256k1.c:22:16: warning: nonnull argument ‘signature’ compared to NULL [-Wnonnull-compare]
     if (EXPECT(!(cond), 0)) { \
/home/sl33n/c2pool/lib/secp256k1/src/secp256k1/src/util.h:40:39: note: in definition of macro ‘EXPECT’
 #define EXPECT(x,c) __builtin_expect((x),(c))
                                       ^
/home/sl33n/c2pool/lib/secp256k1/src/secp256k1/src/modules/recovery/main_impl.h:178:5: note: in expansion of macro ‘ARG_CHECK’
     ARG_CHECK(signature != NULL);
     ^~~~~~~~~
/home/sl33n/c2pool/lib/secp256k1/src/secp256k1/src/secp256k1.c:22:16: warning: nonnull argument ‘msg32’ compared to NULL [-Wnonnull-compare]
     if (EXPECT(!(cond), 0)) { \
/home/sl33n/c2pool/lib/secp256k1/src/secp256k1/src/util.h:40:39: note: in definition of macro ‘EXPECT’
 #define EXPECT(x,c) __builtin_expect((x),(c))
                                       ^
/home/sl33n/c2pool/lib/secp256k1/src/secp256k1/src/modules/recovery/main_impl.h:177:5: note: in expansion of macro ‘ARG_CHECK’
     ARG_CHECK(msg32 != NULL);
     ^~~~~~~~~
